2021-12-23T08:10:48+00:00 CRITICAL Uncaught Error: Cannot use object of type WP_Error as array in D:\wamp64\www\charmiindia\wp-includes\functions.php:8243
Stack trace:
#0 D:\wamp64\www\charmiindia\wp-includes\class-wp-hook.php(305): misha_populate_brands('brand')
#1 D:\wamp64\www\charmiindia\wp-includes\class-wp-hook.php(327): WP_Hook->apply_filters('', Array)
#2 D:\wamp64\www\charmiindia\wp-includes\plugin.php(470): WP_Hook->do_action(Array)
#3 D:\wamp64\www\charmiindia\wp-admin\includes\class-wp-posts-list-table.php(1325): do_action('manage_posts_cu...', 'brand', 338)
#4 D:\wamp64\www\charmiindia\wp-admin\includes\class-wp-list-table.php(1452): WP_Posts_List_Table->column_default(Object(WP_Post), 'brand')
#5 D:\wamp64\www\charmiindia\wp-admin\includes\class-wp-posts-list-table.php(1377): WP_List_Table->single_row_columns(Object(WP_Post))
#6 D:\wamp64\www\charmiindia\wp-admin\includes\class-wp-posts-list-table.php(795): WP_Posts_List_Table->single_row(Object(WP_Post), 0)
#7 D:\wamp64\www\charmiindia\wp-admin\includes\class-wp-posts-list-table in D:\wamp64\www\charmiindia\wp-includes\functions.php on line 8243

2021-12-23T08:12:10+00:00 CRITICAL Uncaught Error: Cannot use object of type WP_Error as array in D:\wamp64\www\charmiindia\wp-includes\functions.php:8244
Stack trace:
#0 D:\wamp64\www\charmiindia\wp-includes\class-wp-hook.php(305): misha_populate_brands('brand')
#1 D:\wamp64\www\charmiindia\wp-includes\class-wp-hook.php(327): WP_Hook->apply_filters('', Array)
#2 D:\wamp64\www\charmiindia\wp-includes\plugin.php(470): WP_Hook->do_action(Array)
#3 D:\wamp64\www\charmiindia\wp-admin\includes\class-wp-posts-list-table.php(1325): do_action('manage_posts_cu...', 'brand', 338)
#4 D:\wamp64\www\charmiindia\wp-admin\includes\class-wp-list-table.php(1452): WP_Posts_List_Table->column_default(Object(WP_Post), 'brand')
#5 D:\wamp64\www\charmiindia\wp-admin\includes\class-wp-posts-list-table.php(1377): WP_List_Table->single_row_columns(Object(WP_Post))
#6 D:\wamp64\www\charmiindia\wp-admin\includes\class-wp-posts-list-table.php(795): WP_Posts_List_Table->single_row(Object(WP_Post), 0)
#7 D:\wamp64\www\charmiindia\wp-admin\includes\class-wp-posts-list-table in D:\wamp64\www\charmiindia\wp-includes\functions.php on line 8244

2021-12-23T08:12:40+00:00 CRITICAL Uncaught Error: Cannot use object of type WP_Error as array in D:\wamp64\www\charmiindia\wp-includes\functions.php:8244
Stack trace:
#0 D:\wamp64\www\charmiindia\wp-includes\class-wp-hook.php(305): misha_populate_brands('chinjan')
#1 D:\wamp64\www\charmiindia\wp-includes\class-wp-hook.php(327): WP_Hook->apply_filters('', Array)
#2 D:\wamp64\www\charmiindia\wp-includes\plugin.php(470): WP_Hook->do_action(Array)
#3 D:\wamp64\www\charmiindia\wp-admin\includes\class-wp-posts-list-table.php(1325): do_action('manage_posts_cu...', 'chinjan', 338)
#4 D:\wamp64\www\charmiindia\wp-admin\includes\class-wp-list-table.php(1452): WP_Posts_List_Table->column_default(Object(WP_Post), 'chinjan')
#5 D:\wamp64\www\charmiindia\wp-admin\includes\class-wp-posts-list-table.php(1377): WP_List_Table->single_row_columns(Object(WP_Post))
#6 D:\wamp64\www\charmiindia\wp-admin\includes\class-wp-posts-list-table.php(795): WP_Posts_List_Table->single_row(Object(WP_Post), 0)
#7 D:\wamp64\www\charmiindia\wp-admin\includes\class-wp-posts-list in D:\wamp64\www\charmiindia\wp-includes\functions.php on line 8244

